<?xml version="1.0" encoding="UTF-8"?>
<testsuite name="org.vergil.PersonTest" tests="1" skipped="0" failures="0" errors="0" timestamp="2016-12-05T06:20:51" hostname="CES-PC" time="0.004">
  <properties/>
  <testcase name="canConstructAPersonWithAName" classname="org.vergil.PersonTest" time="0.004"/>
  <system-out><![CDATA[]]></system-out>
  <system-err><![CDATA[]]></system-err>
</testsuite>
