<?xml version="1.0" encoding="UTF-8"?>
<testsuite name="org.vergil.PersonTest" tests="1" skipped="0" failures="0" errors="0" timestamp="2016-12-06T08:32:26" hostname="CES-PC" time="0.006">
  <properties/>
  <testcase name="canConstructAPersonWithAName" classname="org.vergil.PersonTest" time="0.006"/>
  <system-out><![CDATA[]]></system-out>
  <system-err><![CDATA[]]></system-err>
</testsuite>
